<?xml version="1.0" encoding="UTF-8"?>
<!-- Generated by org.testng.reporters.JUnitReportReporter -->
<testsuite name="SubscriptionFeatures.Lite_package" tests="5" time="127.006" ignored="2" failures="0" timestamp="27 Dec 2022 07:27:05 GMT" skipped="0" hostname="WorkPC" errors="0">
  <testcase name="billing_module" time="13.790" classname="SubscriptionFeatures.Lite_package"/>
  <testcase name="settings_Module" time="61.171" classname="SubscriptionFeatures.Lite_package"/>
  <testcase name="patient_modules" time="13.069" classname="SubscriptionFeatures.Lite_package"/>
  <testcase name="calendar_module" time="30.842" classname="SubscriptionFeatures.Lite_package"/>
  <testcase name="tele_doctor" time="8.134" classname="SubscriptionFeatures.Lite_package"/>
  <testcase name="ehr_module" classname="SubscriptionFeatures.Lite_package">
    <skipped/>
  </testcase> <!-- ehr_module -->
  <testcase name="home" classname="SubscriptionFeatures.Lite_package">
    <skipped/>
  </testcase> <!-- home -->
</testsuite> <!-- SubscriptionFeatures.Lite_package -->
