<?xml version="1.0" encoding="UTF-8"?>
<!-- Generated by org.testng.reporters.JUnitReportReporter -->
<testsuite name="runner.Dr_userLogin" tests="2" time="672.604" ignored="6" failures="0" timestamp="21 Feb 2023 06:18:45 GMT" skipped="0" hostname="LAPTOP-Q33L4MJO" errors="0">
  <testcase name="HealthRec" time="646.382" classname="runner.Dr_userLogin"/>
  <testcase name="PatientModule" time="26.222" classname="runner.Dr_userLogin"/>
  <testcase name="BillingModule" classname="runner.Dr_userLogin">
    <skipped/>
  </testcase> <!-- BillingModule -->
  <testcase name="Message" classname="runner.Dr_userLogin">
    <skipped/>
  </testcase> <!-- Message -->
  <testcase name="calendar" classname="runner.Dr_userLogin">
    <skipped/>
  </testcase> <!-- calendar -->
  <testcase name="HomeModule" classname="runner.Dr_userLogin">
    <skipped/>
  </testcase> <!-- HomeModule -->
  <testcase name="Settings" classname="runner.Dr_userLogin">
    <skipped/>
  </testcase> <!-- Settings -->
  <testcase name="TeleDoctor" classname="runner.Dr_userLogin">
    <skipped/>
  </testcase> <!-- TeleDoctor -->
</testsuite> <!-- runner.Dr_userLogin -->
