<?xml version="1.0" encoding="UTF-8"?>
<!-- Generated by org.testng.reporters.JUnitReportReporter -->
<testsuite name="org.LitePlan3d.Carosel" tests="1" time="32.174" ignored="1" failures="0" timestamp="02 Mar 2023 07:37:17 GMT" skipped="0" hostname="LAPTOP-Q33L4MJO" errors="0">
  <testcase name="caroselUiVerify" time="32.174" classname="org.LitePlan3d.Carosel"/>
  <testcase name="giveValid3dCardCancelAndVerify" classname="org.LitePlan3d.EditCardDetails">
    <skipped/>
  </testcase> <!-- giveValid3dCardCancelAndVerify -->
</testsuite> <!-- org.LitePlan3d.Carosel -->
