<?xml version="1.0" encoding="UTF-8"?>
<!-- Generated by org.testng.reporters.JUnitReportReporter -->
<testsuite name="org.patientLogin.PatientInfo" tests="2" time="26.314" ignored="4" failures="0" timestamp="28 Dec 2022 14:42:54 GMT" skipped="0" hostname="WorkPC" errors="0">
  <testcase name="appointment" time="15.685" classname="org.patientLogin.PatientInfo"/>
  <testcase name="appointmentPatient" time="10.629" classname="org.patientLogin.PatientInfo"/>
  <testcase name="healthRecord" classname="org.patientLogin.PatientInfo">
    <skipped/>
  </testcase> <!-- healthRecord -->
  <testcase name="billing" classname="org.patientLogin.PatientInfo">
    <skipped/>
  </testcase> <!-- billing -->
  <testcase name="Settings" classname="org.patientLogin.PatientInfo">
    <skipped/>
  </testcase> <!-- Settings -->
  <testcase name="message" classname="org.patientLogin.PatientInfo">
    <skipped/>
  </testcase> <!-- message -->
</testsuite> <!-- org.patientLogin.PatientInfo -->
