<?xml version="1.0" encoding="UTF-8"?>
<!-- Generated by org.testng.reporters.JUnitReportReporter -->
<testsuite name="com.healthRec.Tc_021_AttachFile" tests="1" time="2.978" ignored="0" failures="0" timestamp="31 Mar 2023 13:33:28 GMT" skipped="0" hostname="LAPTOP-Q33L4MJO" errors="0">
  <testcase name="attachFileAdd_SaveAndEdit" time="2.978" classname="com.healthRec.Tc_021_AttachFile"/>
</testsuite> <!-- com.healthRec.Tc_021_AttachFile -->
