<?xml version="1.0" encoding="UTF-8"?>
<!-- Generated by org.testng.reporters.JUnitReportReporter -->
<testsuite name="com.healthRec.Tc_006_VisitReason" tests="1" time="4.822" ignored="0" failures="0" timestamp="31 Mar 2023 13:33:29 GMT" skipped="0" hostname="LAPTOP-Q33L4MJO" errors="0">
  <testcase name="tc_007_addVisitReason_Edit_Save" time="4.822" classname="com.healthRec.Tc_006_VisitReason"/>
</testsuite> <!-- com.healthRec.Tc_006_VisitReason -->
