<?xml version="1.0" encoding="UTF-8"?>
<!-- Generated by org.testng.reporters.JUnitReportReporter -->
<testsuite name="org.LitePlan3d.Lite_CaroselUi" tests="1" time="49.125" ignored="0" failures="0" timestamp="28 Feb 2023 15:19:26 GMT" skipped="0" hostname="LAPTOP-Q33L4MJO" errors="0">
  <testcase name="run" time="49.125" classname="org.LitePlan3d.Lite_CaroselUi"/>
</testsuite> <!-- org.LitePlan3d.Lite_CaroselUi -->
