<?xml version="1.0" encoding="UTF-8"?>
<!-- Generated by org.testng.reporters.JUnitReportReporter -->
<testsuite name="org.setFavorites.Favorites" tests="1" time="173.293" ignored="0" failures="0" timestamp="21 Feb 2023 08:58:33 GMT" skipped="0" hostname="LAPTOP-Q33L4MJO" errors="0">
  <testcase name="Settings" time="173.293" classname="org.setFavorites.Favorites"/>
</testsuite> <!-- org.setFavorites.Favorites -->
