<?xml version="1.0" encoding="UTF-8"?>
<!-- Generated by org.testng.reporters.JUnitReportReporter -->
<testsuite name="runner.Local_Host" tests="1" time="49.725" ignored="7" failures="0" timestamp="02 Mar 2023 13:44:31 GMT" skipped="0" hostname="LAPTOP-Q33L4MJO" errors="0">
  <testcase name="TeleDoctor" time="49.725" classname="runner.Local_Host"/>
  <testcase name="calendar" classname="runner.Local_Host">
    <skipped/>
  </testcase> <!-- calendar -->
  <testcase name="PatientModule" classname="runner.Local_Host">
    <skipped/>
  </testcase> <!-- PatientModule -->
  <testcase name="HomeModule" classname="runner.Local_Host">
    <skipped/>
  </testcase> <!-- HomeModule -->
  <testcase name="HealthRec" classname="runner.Local_Host">
    <skipped/>
  </testcase> <!-- HealthRec -->
  <testcase name="BillingModule" classname="runner.Local_Host">
    <skipped/>
  </testcase> <!-- BillingModule -->
  <testcase name="Message" classname="runner.Local_Host">
    <skipped/>
  </testcase> <!-- Message -->
  <testcase name="Settings" classname="runner.Local_Host">
    <skipped/>
  </testcase> <!-- Settings -->
</testsuite> <!-- runner.Local_Host -->
