<?xml version="1.0" encoding="UTF-8"?>
<!-- Generated by org.testng.reporters.JUnitReportReporter -->
<testsuite name="org.SmokeTesting.Local_Host" tests="1" time="53.046" ignored="7" failures="0" timestamp="29 Mar 2023 14:09:28 GMT" skipped="0" hostname="LAPTOP-Q33L4MJO" errors="0">
  <testcase name="HomeModule" time="53.046" classname="org.SmokeTesting.Local_Host"/>
  <testcase name="TeleDoctor" classname="org.SmokeTesting.Local_Host">
    <skipped/>
  </testcase> <!-- TeleDoctor -->
  <testcase name="Settings" classname="org.SmokeTesting.Local_Host">
    <skipped/>
  </testcase> <!-- Settings -->
  <testcase name="calendar" classname="org.SmokeTesting.Local_Host">
    <skipped/>
  </testcase> <!-- calendar -->
  <testcase name="HealthRec" classname="org.SmokeTesting.Local_Host">
    <skipped/>
  </testcase> <!-- HealthRec -->
  <testcase name="Message" classname="org.SmokeTesting.Local_Host">
    <skipped/>
  </testcase> <!-- Message -->
  <testcase name="PatientModule" classname="org.SmokeTesting.Local_Host">
    <skipped/>
  </testcase> <!-- PatientModule -->
  <testcase name="BillingModule" classname="org.SmokeTesting.Local_Host">
    <skipped/>
  </testcase> <!-- BillingModule -->
</testsuite> <!-- org.SmokeTesting.Local_Host -->
