<?xml version="1.0" encoding="UTF-8"?>
<!-- Generated by org.testng.reporters.JUnitReportReporter -->
<testsuite name="SubscriptionFeatures.Select_Your_plan" tests="2" time="188.319" ignored="6" failures="0" timestamp="16 Feb 2023 08:13:14 GMT" skipped="0" hostname="LAPTOP-Q33L4MJO" errors="0">
  <testcase name="Home" time="36.579" classname="SubscriptionFeatures.Select_Your_plan"/>
  <testcase name="settings" time="151.740" classname="SubscriptionFeatures.Select_Your_plan"/>
  <testcase name="message" classname="SubscriptionFeatures.Select_Your_plan">
    <skipped/>
  </testcase> <!-- message -->
  <testcase name="patient_Module$" classname="SubscriptionFeatures.Select_Your_plan">
    <skipped/>
  </testcase> <!-- patient_Module$ -->
  <testcase name="billing_$" classname="SubscriptionFeatures.Select_Your_plan">
    <skipped/>
  </testcase> <!-- billing_$ -->
  <testcase name="calendar$$$" classname="SubscriptionFeatures.Select_Your_plan">
    <skipped/>
  </testcase> <!-- calendar$$$ -->
  <testcase name="$teleDoctor$" classname="SubscriptionFeatures.Select_Your_plan">
    <skipped/>
  </testcase> <!-- $teleDoctor$ -->
  <testcase name="e_h_r" classname="SubscriptionFeatures.Select_Your_plan">
    <skipped/>
  </testcase> <!-- e_h_r -->
</testsuite> <!-- SubscriptionFeatures.Select_Your_plan -->
