<?xml version="1.0" encoding="UTF-8"?>
<!-- Generated by org.testng.reporters.JUnitReportReporter -->
<testsuite name="org.PageModules.Home_Module" tests="2" time="31.572" ignored="0" failures="0" timestamp="31 Mar 2023 13:33:29 GMT" skipped="0" hostname="LAPTOP-Q33L4MJO" errors="0">
  <testcase name="patientCreation" time="8.155" classname="org.PageModules.Home_Module"/>
  <testcase name="bookAppointment" time="23.417" classname="org.PageModules.Home_Module"/>
</testsuite> <!-- org.PageModules.Home_Module -->
