<?xml version="1.0" encoding="UTF-8"?>
<!-- Generated by org.testng.reporters.JUnitReportReporter -->
<testsuite name="org.selectyourPlan3D.Invalidcard" tests="1" time="23.217" ignored="4" failures="0" timestamp="01 Mar 2023 07:50:10 GMT" skipped="0" hostname="LAPTOP-Q33L4MJO" errors="0">
  <testcase name="invalidCardVerify" time="23.217" classname="org.selectyourPlan3D.Invalidcard"/>
  <testcase name="openConnection" classname="org.Launch.LaunchBrowser">
    <skipped/>
  </testcase> <!-- openConnection -->
  <testcase name="openConnection" classname="org.Launch.LaunchBrowser">
    <skipped/>
  </testcase> <!-- openConnection -->
  <testcase name="openConnection" classname="org.Launch.LaunchBrowser">
    <skipped/>
  </testcase> <!-- openConnection -->
  <testcase name="openConnection" classname="org.Launch.LaunchBrowser">
    <skipped/>
  </testcase> <!-- openConnection -->
</testsuite> <!-- org.selectyourPlan3D.Invalidcard -->
