<?xml version="1.0" encoding="UTF-8"?>
<!-- Generated by org.testng.reporters.JUnitReportReporter -->
<testsuite name="org.LitePlan3d.Lite_CaroselUi" tests="1" time="62.737" ignored="0" failures="0" timestamp="01 Mar 2023 04:29:54 GMT" skipped="0" hostname="LAPTOP-Q33L4MJO" errors="0">
  <testcase name="run" time="62.737" classname="org.LitePlan3d.Lite_CaroselUi"/>
</testsuite> <!-- org.LitePlan3d.Lite_CaroselUi -->
