<?xml version="1.0" encoding="UTF-8"?>
<!-- Generated by org.testng.reporters.JUnitReportReporter -->
<testsuite name="SubscriptionFeatures.Premium_features" tests="3" time="204.555" ignored="1" failures="0" timestamp="29 Mar 2023 04:43:28 GMT" skipped="0" hostname="LAPTOP-Q33L4MJO" errors="0">
  <testcase name="settings" time="96.863" classname="SubscriptionFeatures.Premium_features"/>
  <testcase name="$Ehr_features" time="103.098" classname="SubscriptionFeatures.Premium_features"/>
  <testcase name="home" time="4.594" classname="SubscriptionFeatures.Premium_features"/>
  <testcase name="$$calendarFeatures" classname="SubscriptionFeatures.Premium_features">
    <skipped/>
  </testcase> <!-- $$calendarFeatures -->
</testsuite> <!-- SubscriptionFeatures.Premium_features -->
