<?xml version="1.0" encoding="UTF-8"?>
<!-- Generated by org.testng.reporters.JUnitReportReporter -->
<testsuite name="org.SmokeTesting.Patient_Module" tests="6" time="96.005" ignored="0" failures="0" timestamp="28 Mar 2023 14:29:16 GMT" skipped="0" hostname="LAPTOP-Q33L4MJO" errors="0">
  <testcase name="verifyPatientSaerchAndClick" time="32.626" classname="org.SmokeTesting.Patient_Module"/>
  <testcase name="patientInfo" time="3.789" classname="org.SmokeTesting.Patient_Module"/>
  <testcase name="patientCreation" time="12.396" classname="org.SmokeTesting.Patient_Module"/>
  <testcase name="contactInfo" time="12.647" classname="org.SmokeTesting.Patient_Module"/>
  <testcase name="verifyFilterSearchAndCcdImport" time="19.499" classname="org.SmokeTesting.Patient_Module"/>
  <testcase name="alternateContact" time="15.048" classname="org.SmokeTesting.Patient_Module"/>
</testsuite> <!-- org.SmokeTesting.Patient_Module -->
