<?xml version="1.0" encoding="UTF-8"?>
<!-- Generated by org.testng.reporters.JUnitReportReporter -->
<testsuite name="runner.Dr_userLogin" tests="6" time="205.754" ignored="2" failures="0" timestamp="28 Dec 2022 06:32:56 GMT" skipped="0" hostname="WorkPC" errors="0">
  <testcase name="Message" time="10.655" classname="runner.Dr_userLogin"/>
  <testcase name="TeleDoctor" time="9.759" classname="runner.Dr_userLogin"/>
  <testcase name="PatientModule" time="13.105" classname="runner.Dr_userLogin"/>
  <testcase name="HomeModule" time="35.565" classname="runner.Dr_userLogin"/>
  <testcase name="calendar" time="32.935" classname="runner.Dr_userLogin"/>
  <testcase name="Settings" time="103.735" classname="runner.Dr_userLogin"/>
  <testcase name="BillingModule" classname="runner.Dr_userLogin">
    <skipped/>
  </testcase> <!-- BillingModule -->
  <testcase name="HealthRec" classname="runner.Dr_userLogin">
    <skipped/>
  </testcase> <!-- HealthRec -->
</testsuite> <!-- runner.Dr_userLogin -->
