<?xml version="1.0" encoding="UTF-8"?>
<!-- Generated by org.testng.reporters.JUnitReportReporter -->
<testsuite name="SubscriptionFeatures.Basic_features" tests="2" time="114.615" ignored="2" failures="0" timestamp="17 Feb 2023 05:28:08 GMT" skipped="0" hostname="LAPTOP-Q33L4MJO" errors="0">
  <testcase name="$$settings$$" time="82.444" classname="SubscriptionFeatures.Basic_features"/>
  <testcase name="home" time="32.171" classname="SubscriptionFeatures.Basic_features"/>
  <testcase name="$$calendarFeatures" classname="SubscriptionFeatures.Basic_features">
    <skipped/>
  </testcase> <!-- $$calendarFeatures -->
  <testcase name="$Ehr_features" classname="SubscriptionFeatures.Basic_features">
    <skipped/>
  </testcase> <!-- $Ehr_features -->
</testsuite> <!-- SubscriptionFeatures.Basic_features -->
