<?xml version="1.0" encoding="UTF-8"?>
<!-- Generated by org.testng.reporters.JUnitReportReporter -->
<testsuite name="runner.Local_Host" tests="8" time="2283.913" ignored="0" failures="0" timestamp="29 Dec 2022 12:57:09 GMT" skipped="0" hostname="WorkPC" errors="0">
  <testcase name="BillingModule" time="74.819" classname="runner.Local_Host"/>
  <testcase name="TeleDoctor" time="13.229" classname="runner.Local_Host"/>
  <testcase name="Settings" time="1276.208" classname="runner.Local_Host"/>
  <testcase name="Message" time="11.958" classname="runner.Local_Host"/>
  <testcase name="HomeModule" time="35.783" classname="runner.Local_Host"/>
  <testcase name="HealthRec" time="808.580" classname="runner.Local_Host"/>
  <testcase name="PatientModule" time="28.108" classname="runner.Local_Host"/>
  <testcase name="calendar" time="35.228" classname="runner.Local_Host"/>
</testsuite> <!-- runner.Local_Host -->
