<?xml version="1.0" encoding="UTF-8"?>
<!-- Generated by org.testng.reporters.JUnitReportReporter -->
<testsuite name="com.healthRec.Tc_007_Vaccine" tests="1" time="2.853" ignored="0" failures="0" timestamp="31 Mar 2023 13:33:29 GMT" skipped="0" hostname="LAPTOP-Q33L4MJO" errors="0">
  <testcase name="tc_008_addVaccine_Edit_Save" time="2.853" classname="com.healthRec.Tc_007_Vaccine"/>
</testsuite> <!-- com.healthRec.Tc_007_Vaccine -->
