<?xml version="1.0" encoding="UTF-8"?>
<!-- Generated by org.testng.reporters.JUnitReportReporter -->
<testsuite name="com.healthRec.Tc_026_saltScenarios" tests="1" time="53.434" ignored="0" failures="0" timestamp="31 Mar 2023 13:33:28 GMT" skipped="0" hostname="LAPTOP-Q33L4MJO" errors="0">
  <testcase name="saltScenarios" time="53.434" classname="com.healthRec.Tc_026_saltScenarios"/>
</testsuite> <!-- com.healthRec.Tc_026_saltScenarios -->
