<?xml version="1.0" encoding="UTF-8"?>
<!-- Generated by org.testng.reporters.JUnitReportReporter -->
<testsuite name="com.healthRec.Tc_010Problems" tests="1" time="12.029" ignored="0" failures="0" timestamp="31 Mar 2023 13:33:28 GMT" skipped="0" hostname="LAPTOP-Q33L4MJO" errors="0">
  <testcase name="addproblems_Edit_Save" time="12.029" classname="com.healthRec.Tc_010Problems"/>
</testsuite> <!-- com.healthRec.Tc_010Problems -->
