<?xml version="1.0" encoding="UTF-8"?>
<!-- Generated by org.testng.reporters.JUnitReportReporter -->
<testsuite name="org.LitePlan3d.Carosel" tests="1" time="40.622" ignored="0" failures="0" timestamp="01 Mar 2023 15:03:38 GMT" skipped="0" hostname="LAPTOP-Q33L4MJO" errors="0">
  <testcase name="caroselUiVerify" time="40.622" classname="org.LitePlan3d.Carosel"/>
</testsuite> <!-- org.LitePlan3d.Carosel -->
