<?xml version="1.0" encoding="UTF-8"?>
<!-- Generated by org.testng.reporters.JUnitReportReporter -->
<testsuite name="org.PageModules.Settings" tests="1" time="215.565" ignored="0" failures="0" timestamp="31 Mar 2023 13:33:29 GMT" skipped="0" hostname="LAPTOP-Q33L4MJO" errors="0">
  <testcase name="settingsModule" time="215.565" classname="org.PageModules.Settings"/>
</testsuite> <!-- org.PageModules.Settings -->
