<?xml version="1.0" encoding="UTF-8"?>
<!-- Generated by org.testng.reporters.JUnitReportReporter -->
<testsuite name="runner.Dr_userLogin" tests="1" time="121.567" ignored="7" failures="0" timestamp="29 Dec 2022 09:43:19 GMT" skipped="0" hostname="WorkPC" errors="0">
  <testcase name="Settings" time="121.567" classname="runner.Dr_userLogin"/>
  <testcase name="PatientModule" classname="runner.Dr_userLogin">
    <skipped/>
  </testcase> <!-- PatientModule -->
  <testcase name="BillingModule" classname="runner.Dr_userLogin">
    <skipped/>
  </testcase> <!-- BillingModule -->
  <testcase name="Message" classname="runner.Dr_userLogin">
    <skipped/>
  </testcase> <!-- Message -->
  <testcase name="calendar" classname="runner.Dr_userLogin">
    <skipped/>
  </testcase> <!-- calendar -->
  <testcase name="HomeModule" classname="runner.Dr_userLogin">
    <skipped/>
  </testcase> <!-- HomeModule -->
  <testcase name="HealthRec" classname="runner.Dr_userLogin">
    <skipped/>
  </testcase> <!-- HealthRec -->
  <testcase name="TeleDoctor" classname="runner.Dr_userLogin">
    <skipped/>
  </testcase> <!-- TeleDoctor -->
</testsuite> <!-- runner.Dr_userLogin -->
