<?xml version="1.0" encoding="UTF-8"?>
<!-- Generated by org.testng.reporters.JUnitReportReporter -->
<testsuite name="org.selectyourPlan3D.Invalidcard" tests="1" time="39.154" ignored="1" failures="0" timestamp="28 Feb 2023 13:47:50 GMT" skipped="0" hostname="LAPTOP-Q33L4MJO" errors="0">
  <testcase name="invalidCardVerify" time="39.154" classname="org.selectyourPlan3D.Invalidcard"/>
  <testcase name="openConnection" classname="org.Launch.LaunchBrowser">
    <skipped/>
  </testcase> <!-- openConnection -->
</testsuite> <!-- org.selectyourPlan3D.Invalidcard -->
