<?xml version="1.0" encoding="UTF-8"?>
<!-- Generated by org.testng.reporters.JUnitReportReporter -->
<testsuite name="runner.Local_Host" tests="8" time="1099.369" ignored="0" failures="0" timestamp="23 Mar 2023 14:25:59 GMT" skipped="0" hostname="LAPTOP-Q33L4MJO" errors="0">
  <testcase name="TeleDoctor" time="21.047" classname="runner.Local_Host"/>
  <testcase name="HomeModule" time="62.701" classname="runner.Local_Host"/>
  <testcase name="Message" time="35.387" classname="runner.Local_Host"/>
  <testcase name="Settings" time="369.366" classname="runner.Local_Host"/>
  <testcase name="calendar" time="64.085" classname="runner.Local_Host"/>
  <testcase name="BillingModule" time="62.761" classname="runner.Local_Host"/>
  <testcase name="PatientModule" time="27.273" classname="runner.Local_Host"/>
  <testcase name="HealthRec" time="456.749" classname="runner.Local_Host"/>
</testsuite> <!-- runner.Local_Host -->
