<?xml version="1.0" encoding="UTF-8"?>
<!-- Generated by org.testng.reporters.JUnitReportReporter -->
<testsuite name="org.selectyourPlan3D.UpgradeToLite" tests="1" time="8.686" ignored="1" failures="0" timestamp="28 Feb 2023 13:47:50 GMT" skipped="0" hostname="LAPTOP-Q33L4MJO" errors="0">
  <testcase name="liteUpgrade" time="8.686" classname="org.selectyourPlan3D.UpgradeToLite"/>
  <testcase name="openConnection" classname="org.Launch.LaunchBrowser">
    <skipped/>
  </testcase> <!-- openConnection -->
</testsuite> <!-- org.selectyourPlan3D.UpgradeToLite -->
