<?xml version="1.0" encoding="UTF-8"?>
<!-- Generated by org.testng.reporters.JUnitReportReporter -->
<testsuite name="com.healthRec.CheckTestClasses" tests="2" time="42.695" ignored="0" failures="0" timestamp="31 Mar 2023 05:54:53 GMT" skipped="0" hostname="LAPTOP-Q33L4MJO" errors="0">
  <testcase name="settingsRun" time="0.004" classname="com.healthRec.CheckTestClasses"/>
  <testcase name="runScript" time="42.691" classname="com.healthRec.CheckTestClasses"/>
</testsuite> <!-- com.healthRec.CheckTestClasses -->
