<?xml version="1.0" encoding="UTF-8"?>
<!-- Generated by org.testng.reporters.JUnitReportReporter -->
<testsuite name="com.healthRec.Tc_024_GetPastCured_Complted" tests="5" time="32.904" ignored="0" failures="0" timestamp="31 Mar 2023 13:33:28 GMT" skipped="0" hostname="LAPTOP-Q33L4MJO" errors="0">
  <testcase name="pastSymptoms" time="6.184" classname="com.healthRec.Tc_024_GetPastCured_Complted"/>
  <testcase name="pastMedication" time="10.258" classname="com.healthRec.Tc_024_GetPastCured_Complted"/>
  <testcase name="pastVaccine" time="7.795" classname="com.healthRec.Tc_024_GetPastCured_Complted"/>
  <testcase name="pastGoals" time="5.011" classname="com.healthRec.Tc_024_GetPastCured_Complted"/>
  <testcase name="pastCuredProcedure" time="3.656" classname="com.healthRec.Tc_024_GetPastCured_Complted"/>
</testsuite> <!-- com.healthRec.Tc_024_GetPastCured_Complted -->
