<?xml version="1.0" encoding="UTF-8"?>
<!-- Generated by org.testng.reporters.JUnitReportReporter -->
<testsuite name="com.healthRec.Tc_025_FavoriteKpopScenarios" tests="10" time="103.020" ignored="0" failures="0" timestamp="31 Mar 2023 13:33:29 GMT" skipped="0" hostname="LAPTOP-Q33L4MJO" errors="0">
  <testcase name="favoriteStatus" time="7.784" classname="com.healthRec.Tc_025_FavoriteKpopScenarios"/>
  <testcase name="favoriteProcedure" time="10.956" classname="com.healthRec.Tc_025_FavoriteKpopScenarios"/>
  <testcase name="favoriteProblems" time="25.577" classname="com.healthRec.Tc_025_FavoriteKpopScenarios"/>
  <testcase name="favoriteAdvaceDirectives" time="9.922" classname="com.healthRec.Tc_025_FavoriteKpopScenarios"/>
  <testcase name="favoriteSympytoms" time="8.789" classname="com.healthRec.Tc_025_FavoriteKpopScenarios"/>
  <testcase name="favoritePhusicalExamination" time="13.186" classname="com.healthRec.Tc_025_FavoriteKpopScenarios"/>
  <testcase name="favoriteVaccine" time="10.134" classname="com.healthRec.Tc_025_FavoriteKpopScenarios"/>
  <testcase name="favoriteVisitReason" time="5.748" classname="com.healthRec.Tc_025_FavoriteKpopScenarios"/>
  <testcase name="favoriteNotes" time="4.722" classname="com.healthRec.Tc_025_FavoriteKpopScenarios"/>
  <testcase name="favoriteGoals" time="6.202" classname="com.healthRec.Tc_025_FavoriteKpopScenarios"/>
</testsuite> <!-- com.healthRec.Tc_025_FavoriteKpopScenarios -->
