<?xml version="1.0" encoding="UTF-8"?>
<!-- Generated by org.testng.reporters.JUnitReportReporter -->
<testsuite name="org.PageModules.Calendar_Test" tests="2" time="47.624" ignored="0" failures="0" timestamp="31 Mar 2023 13:33:29 GMT" skipped="0" hostname="LAPTOP-Q33L4MJO" errors="0">
  <testcase name="navigateToCalendar" time="23.328" classname="org.PageModules.Calendar_Test"/>
  <testcase name="bookAppointment" time="24.296" classname="org.PageModules.Calendar_Test"/>
</testsuite> <!-- org.PageModules.Calendar_Test -->
