<?xml version="1.0" encoding="UTF-8"?>
<!-- Generated by org.testng.reporters.JUnitReportReporter -->
<testsuite name="com.healthRec.Tc_009_Amendment" tests="1" time="3.371" ignored="0" failures="0" timestamp="31 Mar 2023 13:33:28 GMT" skipped="0" hostname="LAPTOP-Q33L4MJO" errors="0">
  <testcase name="tc_010_addAmendent_Edit_Save" time="3.371" classname="com.healthRec.Tc_009_Amendment"/>
</testsuite> <!-- com.healthRec.Tc_009_Amendment -->
