<?xml version="1.0" encoding="UTF-8"?>
<!-- Generated by org.testng.reporters.JUnitReportReporter -->
<testsuite name="subscriptionValidation.SelectYourPlan" tests="7" time="127.073" ignored="0" failures="0" timestamp="22 Feb 2023 12:01:54 GMT" skipped="0" hostname="LAPTOP-Q33L4MJO" errors="0">
  <testcase name="paymentPriceChecking" time="2.576" classname="subscriptionValidation.SelectYourPlan"/>
  <testcase name="selectYourPln" time="3.509" classname="subscriptionValidation.SelectYourPlan"/>
  <testcase name="cardVerfivation" time="7.174" classname="subscriptionValidation.SelectYourPlan"/>
  <testcase name="insufficient3dCardAuthenticationFail" time="39.358" classname="subscriptionValidation.SelectYourPlan"/>
  <testcase name="higRiskcard" time="20.324" classname="subscriptionValidation.SelectYourPlan"/>
  <testcase name="litePackage" time="6.624" classname="subscriptionValidation.SelectYourPlan"/>
  <testcase name="insufficient3dCardAuthenticationPass" time="47.508" classname="subscriptionValidation.SelectYourPlan"/>
</testsuite> <!-- subscriptionValidation.SelectYourPlan -->
