<?xml version="1.0" encoding="UTF-8"?>
<!-- Generated by org.testng.reporters.JUnitReportReporter -->
<testsuite name="com.healthRec.Tc_004_FamilyHealth" tests="1" time="5.874" ignored="0" failures="0" timestamp="31 Mar 2023 13:33:29 GMT" skipped="0" hostname="LAPTOP-Q33L4MJO" errors="0">
  <testcase name="tc_005_addFamilyHealth_Edit_Save" time="5.874" classname="com.healthRec.Tc_004_FamilyHealth"/>
</testsuite> <!-- com.healthRec.Tc_004_FamilyHealth -->
