<?xml version="1.0" encoding="UTF-8"?>
<!-- Generated by org.testng.reporters.JUnitReportReporter -->
<testsuite name="com.healthRec.Tc_008_ImplantableDevice" tests="1" time="5.070" ignored="0" failures="0" timestamp="31 Mar 2023 13:33:29 GMT" skipped="0" hostname="LAPTOP-Q33L4MJO" errors="0">
  <testcase name="tc_009_addSaveAndEditImplantableDevice" time="5.070" classname="com.healthRec.Tc_008_ImplantableDevice"/>
</testsuite> <!-- com.healthRec.Tc_008_ImplantableDevice -->
