<?xml version="1.0" encoding="UTF-8"?>
<!-- Generated by org.testng.reporters.JUnitReportReporter -->
<testsuite name="AutomationTest.Runner" tests="1" time="3.456" ignored="0" failures="0" timestamp="23 Dec 2022 07:41:28 GMT" skipped="0" hostname="WorkPC" errors="0">
  <testcase name="launchBrowser" time="3.456" classname="AutomationTest.Runner"/>
</testsuite> <!-- AutomationTest.Runner -->
