<?xml version="1.0" encoding="UTF-8"?>
<!-- Generated by org.testng.reporters.JUnitReportReporter -->
<testsuite name="org.PageModules.Message" tests="1" time="18.769" ignored="0" failures="0" timestamp="31 Mar 2023 13:33:29 GMT" skipped="0" hostname="LAPTOP-Q33L4MJO" errors="0">
  <testcase name="messageModule" time="18.769" classname="org.PageModules.Message"/>
</testsuite> <!-- org.PageModules.Message -->
