<?xml version="1.0" encoding="UTF-8"?>
<!-- Generated by org.testng.reporters.JUnitReportReporter -->
<testsuite name="org.selectyourPlan3D.Insufficient3dCard" tests="1" time="17.679" ignored="4" failures="0" timestamp="28 Feb 2023 08:36:23 GMT" skipped="0" hostname="LAPTOP-Q33L4MJO" errors="0">
  <testcase name="insufficinet3dCardVerify" time="17.679" classname="org.selectyourPlan3D.Insufficient3dCard"/>
  <testcase name="openConnection" classname="org.Launch.LaunchBrowser">
    <skipped/>
  </testcase> <!-- openConnection -->
  <testcase name="openConnection" classname="org.Launch.LaunchBrowser">
    <skipped/>
  </testcase> <!-- openConnection -->
  <testcase name="openConnection" classname="org.Launch.LaunchBrowser">
    <skipped/>
  </testcase> <!-- openConnection -->
  <testcase name="openConnection" classname="org.Launch.LaunchBrowser">
    <skipped/>
  </testcase> <!-- openConnection -->
</testsuite> <!-- org.selectyourPlan3D.Insufficient3dCard -->
