<?xml version="1.0" encoding="UTF-8"?>
<!-- Generated by org.testng.reporters.JUnitReportReporter -->
<testsuite name="org.PageModules.TeleDoctor" tests="2" time="23.290" ignored="0" failures="0" timestamp="31 Mar 2023 13:33:28 GMT" skipped="0" hostname="LAPTOP-Q33L4MJO" errors="0">
  <testcase name="createNewPatient" time="11.896" classname="org.PageModules.TeleDoctor"/>
  <testcase name="callPatient" time="11.394" classname="org.PageModules.TeleDoctor"/>
</testsuite> <!-- org.PageModules.TeleDoctor -->
