<?xml version="1.0" encoding="UTF-8"?>
<!-- Generated by org.testng.reporters.JUnitReportReporter -->
<testsuite name="org.patientLogin.PatientInfo" tests="1" time="46.659" ignored="5" failures="0" timestamp="22 Mar 2023 14:58:27 GMT" skipped="0" hostname="LAPTOP-Q33L4MJO" errors="0">
  <testcase name="Settings" time="46.659" classname="org.patientLogin.PatientInfo"/>
  <testcase name="appointmentPatient" classname="org.patientLogin.PatientInfo">
    <skipped/>
  </testcase> <!-- appointmentPatient -->
  <testcase name="appointment" classname="org.patientLogin.PatientInfo">
    <skipped/>
  </testcase> <!-- appointment -->
  <testcase name="healthRecord" classname="org.patientLogin.PatientInfo">
    <skipped/>
  </testcase> <!-- healthRecord -->
  <testcase name="billing" classname="org.patientLogin.PatientInfo">
    <skipped/>
  </testcase> <!-- billing -->
  <testcase name="message" classname="org.patientLogin.PatientInfo">
    <skipped/>
  </testcase> <!-- message -->
</testsuite> <!-- org.patientLogin.PatientInfo -->
