<?xml version="1.0" encoding="UTF-8"?>
<!-- Generated by org.testng.reporters.JUnitReportReporter -->
<testsuite name="com.healthRec.Tc_000_HealthRecordUi" tests="2" time="23.554" ignored="0" failures="0" timestamp="31 Mar 2023 13:33:29 GMT" skipped="0" hostname="LAPTOP-Q33L4MJO" errors="0">
  <testcase name="tc_001_verifyTheHaelthRecordCount" time="11.163" classname="com.healthRec.Tc_000_HealthRecordUi"/>
  <testcase name="verifyAndShowTheHidedOptions" time="12.391" classname="com.healthRec.Tc_000_HealthRecordUi"/>
</testsuite> <!-- com.healthRec.Tc_000_HealthRecordUi -->
