<?xml version="1.0" encoding="UTF-8"?>
<!-- Generated by org.testng.reporters.JUnitReportReporter -->
<testsuite name="org.PageModules.BillingModule" tests="1" time="52.470" ignored="0" failures="0" timestamp="31 Mar 2023 13:33:29 GMT" skipped="0" hostname="LAPTOP-Q33L4MJO" errors="0">
  <testcase name="BillingModue" time="52.470" classname="org.PageModules.BillingModule"/>
</testsuite> <!-- org.PageModules.BillingModule -->
