<?xml version="1.0" encoding="UTF-8"?>
<!-- Generated by org.testng.reporters.JUnitReportReporter -->
<testsuite name="com.healthRec.Tc_023_GenerateBillFromEhr" tests="1" time="9.973" ignored="0" failures="0" timestamp="31 Mar 2023 13:33:27 GMT" skipped="0" hostname="LAPTOP-Q33L4MJO" errors="0">
  <testcase name="verifyTheGenerteBill" time="9.973" classname="com.healthRec.Tc_023_GenerateBillFromEhr"/>
</testsuite> <!-- com.healthRec.Tc_023_GenerateBillFromEhr -->
