<?xml version="1.0" encoding="UTF-8"?>
<!-- Generated by org.testng.reporters.JUnitReportReporter -->
<testsuite name="org.patientLogin.PatientInfo" tests="6" time="70.697" ignored="0" failures="0" timestamp="29 Dec 2022 06:05:59 GMT" skipped="0" hostname="WorkPC" errors="0">
  <testcase name="message" time="4.729" classname="org.patientLogin.PatientInfo"/>
  <testcase name="Settings" time="32.509" classname="org.patientLogin.PatientInfo"/>
  <testcase name="appointmentPatient" time="10.584" classname="org.patientLogin.PatientInfo"/>
  <testcase name="healthRecord" time="3.324" classname="org.patientLogin.PatientInfo"/>
  <testcase name="appointment" time="8.039" classname="org.patientLogin.PatientInfo"/>
  <testcase name="billing" time="11.512" classname="org.patientLogin.PatientInfo"/>
</testsuite> <!-- org.patientLogin.PatientInfo -->
